#
# There is insufficient memory for the Java Runtime Environment to continue.
# Native memory allocation (malloc) failed to allocate 732976 bytes for Chunk::new
# Possible reasons:
#   The system is out of physical RAM or swap space
#   The process is running with CompressedOops enabled, and the Java Heap may be blocking the growth of the native heap
# Possible solutions:
#   Reduce memory load on the system
#   Increase physical memory or swap space
#   Check if swap backing store is full
#   Decrease Java heap size (-Xmx/-Xms)
#   Decrease number of Java threads
#   Decrease Java thread stack sizes (-Xss)
#   Set larger code cache with -XX:ReservedCodeCacheSize=
#   JVM is running with Unscaled Compressed Oops mode in which the Java heap is
#     placed in the first 4GB address space. The Java Heap base address is the
#     maximum limit for the native heap growth. Please use -XX:HeapBaseMinAddress
#     to set the Java Heap base and to place the Java Heap above 4GB virtual address.
# This output file may be truncated or incomplete.
#
#  Out of Memory Error (allocation.cpp:389), pid=26248, tid=0x0000000000002bf4
#
# JRE version: OpenJDK Runtime Environment (8.0_242-b01) (build 1.8.0_242-release-1644-b01)
# Java VM: OpenJDK 64-Bit Server VM (25.242-b01 mixed mode windows-amd64 compressed oops)
# Failed to write core dump. Minidumps are not enabled by default on client versions of Windows
#

---------------  T H R E A D  ---------------

Current thread (0x000000001a130800):  JavaThread "C2 CompilerThread0" daemon [_thread_in_native, id=11252, stack(0x000000001a9f0000,0x000000001aaf0000)]

Stack: [0x000000001a9f0000,0x000000001aaf0000]
[error occurred during error reporting (printing stack bounds), id 0xc0000005]

Native frames: (J=compiled Java code, j=interpreted, Vv=VM code, C=native code)


Current CompileTask:
C2:  10087 9070       4       com.android.tools.r8.graph.I0$d::c (802 bytes)


---------------  P R O C E S S  ---------------

Java Threads: ( => current thread )
  0x0000000023c39000 JavaThread "WorkerExecutor Queue" [_thread_blocked, id=10072, stack(0x000000002f5e0000,0x000000002f6e0000)]
  0x0000000023c2d000 JavaThread "Cache worker for execution history cache (C:\Users\legion\AndroidStudioProjects\ieee2\.gradle\6.5\executionHistory)" [_thread_blocked, id=4044, stack(0x000000002fe40000,0x000000002ff40000)]
  0x0000000023c32000 JavaThread "Execution worker for ':' Thread 7" [_thread_blocked, id=22664, stack(0x000000002fd40000,0x000000002fe40000)]
  0x0000000023c31800 JavaThread "Execution worker for ':' Thread 6" [_thread_blocked, id=18572, stack(0x000000002fc40000,0x000000002fd40000)]
  0x0000000023c33800 JavaThread "Execution worker for ':' Thread 5" [_thread_blocked, id=29112, stack(0x000000002fb40000,0x000000002fc40000)]
  0x0000000023c33000 JavaThread "Execution worker for ':' Thread 4" [_thread_blocked, id=6404, stack(0x000000002fa40000,0x000000002fb40000)]
  0x0000000023c30000 JavaThread "Execution worker for ':' Thread 3" [_thread_blocked, id=20792, stack(0x000000002f940000,0x000000002fa40000)]
  0x0000000023c2f000 JavaThread "Execution worker for ':' Thread 2" [_thread_blocked, id=13112, stack(0x000000002e2f0000,0x000000002e3f0000)]
  0x0000000023c30800 JavaThread "Execution worker for ':'" [_thread_blocked, id=27172, stack(0x000000002dfa0000,0x000000002e0a0000)]
  0x0000000023c2d800 JavaThread "Cache worker for file content cache (C:\Users\legion\AndroidStudioProjects\ieee2\.gradle\6.5\fileContent)" [_thread_blocked, id=14744, stack(0x000000002e1f0000,0x000000002e2f0000)]
  0x0000000023c2e800 JavaThread "Memory manager" [_thread_blocked, id=26056, stack(0x000000002e0f0000,0x000000002e1f0000)]
  0x0000000020f23000 JavaThread "Cache worker for Build Output Cleanup Cache (C:\Users\legion\AndroidStudioProjects\ieee2\.gradle\buildOutputCleanup)" [_thread_blocked, id=1780, stack(0x000000002c140000,0x000000002c240000)]
  0x0000000020f26000 JavaThread "jar transforms Thread 114" [_thread_blocked, id=23492, stack(0x000000002cb00000,0x000000002cc00000)]
  0x0000000020f22800 JavaThread "jar transforms Thread 113" [_thread_blocked, id=2740, stack(0x000000002ca00000,0x000000002cb00000)]
  0x0000000020f24000 JavaThread "jar transforms Thread 112" [_thread_blocked, id=20048, stack(0x000000002c900000,0x000000002ca00000)]
  0x0000000020f21800 JavaThread "jar transforms Thread 111" [_thread_blocked, id=29096, stack(0x000000002c800000,0x000000002c900000)]
  0x0000000020f21000 JavaThread "jar transforms Thread 110" [_thread_blocked, id=23772, stack(0x000000002c700000,0x000000002c800000)]
  0x0000000020f25800 JavaThread "jar transforms Thread 109" [_thread_blocked, id=11744, stack(0x000000002c600000,0x000000002c700000)]
  0x0000000020f27000 JavaThread "jar transforms Thread 108" [_thread_blocked, id=14720, stack(0x000000002c500000,0x000000002c600000)]
  0x0000000020f24800 JavaThread "jar transforms Thread 107" [_thread_blocked, id=23020, stack(0x000000002c400000,0x000000002c500000)]
  0x0000000020f19000 JavaThread "jar transforms Thread 106" [_thread_blocked, id=26640, stack(0x000000002c300000,0x000000002c400000)]
  0x0000000020f20000 JavaThread "jar transforms Thread 105" [_thread_blocked, id=26096, stack(0x0000000025cc0000,0x0000000025dc0000)]
  0x0000000020f18800 JavaThread "jar transforms Thread 104" [_thread_blocked, id=6544, stack(0x0000000024e60000,0x0000000024f60000)]
  0x0000000020f1f800 JavaThread "jar transforms Thread 103" [_thread_blocked, id=12728, stack(0x0000000024d60000,0x0000000024e60000)]
  0x0000000020f17800 JavaThread "jar transforms Thread 102" [_thread_blocked, id=11296, stack(0x000000002be40000,0x000000002bf40000)]
  0x0000000020f1d000 JavaThread "jar transforms Thread 101" [_thread_blocked, id=29188, stack(0x000000002bd40000,0x000000002be40000)]
  0x0000000020f1a000 JavaThread "jar transforms Thread 100" [_thread_blocked, id=29644, stack(0x000000002bc40000,0x000000002bd40000)]
  0x0000000020f1b800 JavaThread "jar transforms Thread 99" [_thread_blocked, id=25160, stack(0x000000002bb40000,0x000000002bc40000)]
  0x0000000020f1b000 JavaThread "jar transforms Thread 98" [_thread_blocked, id=18796, stack(0x000000002ba40000,0x000000002bb40000)]
  0x0000000020f1c800 JavaThread "jar transforms Thread 97" [_thread_blocked, id=2788, stack(0x000000002b940000,0x000000002ba40000)]
  0x0000000020f1e800 JavaThread "jar transforms Thread 96" [_thread_blocked, id=16928, stack(0x000000002b840000,0x000000002b940000)]
  0x0000000020f1e000 JavaThread "jar transforms Thread 95" [_thread_blocked, id=30140, stack(0x000000002b740000,0x000000002b840000)]
  0x0000000020f36800 JavaThread "jar transforms Thread 94" [_thread_blocked, id=29580, stack(0x000000002b640000,0x000000002b740000)]
  0x0000000020f35000 JavaThread "jar transforms Thread 93" [_thread_blocked, id=12332, stack(0x000000002b540000,0x000000002b640000)]
  0x0000000020f36000 JavaThread "jar transforms Thread 92" [_thread_blocked, id=28340, stack(0x000000002b440000,0x000000002b540000)]
  0x0000000020f38000 JavaThread "jar transforms Thread 91" [_thread_blocked, id=20412, stack(0x000000002b340000,0x000000002b440000)]
  0x0000000020f34800 JavaThread "jar transforms Thread 90" [_thread_blocked, id=7496, stack(0x000000002b240000,0x000000002b340000)]
  0x0000000020f39000 JavaThread "jar transforms Thread 89" [_thread_blocked, id=18360, stack(0x000000002b140000,0x000000002b240000)]
  0x0000000020f37800 JavaThread "jar transforms Thread 88" [_thread_blocked, id=25124, stack(0x000000002b040000,0x000000002b140000)]
  0x0000000020f2d000 JavaThread "jar transforms Thread 87" [_thread_blocked, id=27524, stack(0x000000002af40000,0x000000002b040000)]
  0x0000000020f33000 JavaThread "jar transforms Thread 86" [_thread_blocked, id=23316, stack(0x000000002ae40000,0x000000002af40000)]
  0x0000000020f33800 JavaThread "jar transforms Thread 85" [_thread_blocked, id=23276, stack(0x000000002ad40000,0x000000002ae40000)]
  0x0000000020f32000 JavaThread "jar transforms Thread 84" [_thread_blocked, id=19124, stack(0x000000002ac40000,0x000000002ad40000)]
  0x0000000020f2b800 JavaThread "jar transforms Thread 83" [_thread_blocked, id=22372, stack(0x000000002ab40000,0x000000002ac40000)]
  0x0000000020f30800 JavaThread "jar transforms Thread 82" [_thread_blocked, id=27272, stack(0x000000002aa40000,0x000000002ab40000)]
  0x0000000020f2e800 JavaThread "jar transforms Thread 81" [_thread_blocked, id=22676, stack(0x000000002a940000,0x000000002aa40000)]
  0x0000000020f2d800 JavaThread "jar transforms Thread 80" [_thread_blocked, id=26504, stack(0x000000002a840000,0x000000002a940000)]
  0x0000000020f31800 JavaThread "jar transforms Thread 79" [_thread_blocked, id=23560, stack(0x000000002a740000,0x000000002a840000)]
  0x0000000020f2c000 JavaThread "jar transforms Thread 78" [_thread_blocked, id=22816, stack(0x000000002a640000,0x000000002a740000)]
  0x0000000020f29800 JavaThread "jar transforms Thread 77" [_thread_blocked, id=26244, stack(0x000000002a540000,0x000000002a640000)]
  0x0000000020f2a800 JavaThread "jar transforms Thread 76" [_thread_blocked, id=29728, stack(0x000000002a440000,0x000000002a540000)]
  0x0000000020f30000 JavaThread "jar transforms Thread 75" [_thread_blocked, id=13088, stack(0x000000002a340000,0x000000002a440000)]
  0x0000000020f2f000 JavaThread "jar transforms Thread 74" [_thread_blocked, id=28204, stack(0x000000002a240000,0x000000002a340000)]
  0x000000001d3f2000 JavaThread "jar transforms Thread 73" [_thread_blocked, id=28728, stack(0x000000002a140000,0x000000002a240000)]
  0x000000001d3f3800 JavaThread "jar transforms Thread 72" [_thread_blocked, id=8540, stack(0x000000002a040000,0x000000002a140000)]
  0x000000001d3f6800 JavaThread "jar transforms Thread 71" [_thread_blocked, id=24916, stack(0x0000000029f40000,0x000000002a040000)]
  0x000000001d3f5800 JavaThread "jar transforms Thread 70" [_thread_blocked, id=26708, stack(0x0000000029e40000,0x0000000029f40000)]
  0x000000001d3f5000 JavaThread "jar transforms Thread 69" [_thread_blocked, id=25740, stack(0x0000000029d40000,0x0000000029e40000)]
  0x000000001d3f0800 JavaThread "jar transforms Thread 68" [_thread_blocked, id=23480, stack(0x0000000029c40000,0x0000000029d40000)]
  0x000000001d3f4000 JavaThread "jar transforms Thread 67" [_thread_blocked, id=26660, stack(0x0000000029b40000,0x0000000029c40000)]
  0x000000001d3f1000 JavaThread "jar transforms Thread 66" [_thread_blocked, id=29660, stack(0x0000000029a40000,0x0000000029b40000)]
  0x000000001d3f2800 JavaThread "jar transforms Thread 65" [_thread_blocked, id=28224, stack(0x0000000029940000,0x0000000029a40000)]
  0x000000001d3e9000 JavaThread "jar transforms Thread 64" [_thread_blocked, id=8264, stack(0x0000000029840000,0x0000000029940000)]
  0x000000001d3ef800 JavaThread "jar transforms Thread 63" [_thread_blocked, id=17768, stack(0x0000000029740000,0x0000000029840000)]
  0x000000001d3e8000 JavaThread "jar transforms Thread 62" [_thread_blocked, id=15872, stack(0x0000000029640000,0x0000000029740000)]
  0x000000001d3ef000 JavaThread "jar transforms Thread 61" [_thread_blocked, id=15404, stack(0x0000000029540000,0x0000000029640000)]
  0x000000001d3e7800 JavaThread "jar transforms Thread 60" [_thread_blocked, id=30644, stack(0x0000000029440000,0x0000000029540000)]
  0x000000001d3ea800 JavaThread "jar transforms Thread 59" [_thread_blocked, id=25440, stack(0x0000000029340000,0x0000000029440000)]
  0x000000001d3e9800 JavaThread "jar transforms Thread 58" [_thread_blocked, id=19256, stack(0x0000000029240000,0x0000000029340000)]
  0x000000001d3ee000 JavaThread "jar transforms Thread 57" [_thread_blocked, id=24256, stack(0x0000000029140000,0x0000000029240000)]
  0x000000001d3ed800 JavaThread "jar transforms Thread 56" [_thread_blocked, id=22788, stack(0x0000000029040000,0x0000000029140000)]
  0x000000001d3ec800 JavaThread "jar transforms Thread 55" [_thread_blocked, id=3396, stack(0x0000000028f40000,0x0000000029040000)]
  0x000000001d3eb000 JavaThread "jar transforms Thread 54" [_thread_blocked, id=18404, stack(0x0000000028e40000,0x0000000028f40000)]
  0x000000001d3ec000 JavaThread "jar transforms Thread 53" [_thread_blocked, id=16912, stack(0x0000000028d40000,0x0000000028e40000)]
  0x000000001f4d9800 JavaThread "jar transforms Thread 52" [_thread_blocked, id=7972, stack(0x0000000028c40000,0x0000000028d40000)]
  0x000000001f4d8800 JavaThread "jar transforms Thread 51" [_thread_blocked, id=21236, stack(0x0000000028b40000,0x0000000028c40000)]
  0x000000001f4df800 JavaThread "jar transforms Thread 50" [_thread_blocked, id=3392, stack(0x0000000028a40000,0x0000000028b40000)]
  0x000000001f4db000 JavaThread "jar transforms Thread 49" [_thread_blocked, id=5036, stack(0x0000000028940000,0x0000000028a40000)]
  0x000000001f4de800 JavaThread "jar transforms Thread 48" [_thread_blocked, id=18968, stack(0x0000000028840000,0x0000000028940000)]
  0x000000001f4dd000 JavaThread "jar transforms Thread 47" [_thread_blocked, id=24820, stack(0x0000000028740000,0x0000000028840000)]
  0x000000001f4da000 JavaThread "jar transforms Thread 46" [_thread_blocked, id=19300, stack(0x0000000028640000,0x0000000028740000)]
  0x000000001f4dc800 JavaThread "jar transforms Thread 45" [_thread_blocked, id=24688, stack(0x0000000028540000,0x0000000028640000)]
  0x000000001f4db800 JavaThread "jar transforms Thread 44" [_thread_blocked, id=9408, stack(0x0000000028440000,0x0000000028540000)]
  0x000000001f4de000 JavaThread "jar transforms Thread 43" [_thread_blocked, id=29856, stack(0x0000000028340000,0x0000000028440000)]
  0x000000001f4d1000 JavaThread "jar transforms Thread 42" [_thread_blocked, id=29404, stack(0x0000000028240000,0x0000000028340000)]
  0x000000001f4d8000 JavaThread "jar transforms Thread 41" [_thread_blocked, id=15848, stack(0x0000000028140000,0x0000000028240000)]
  0x000000001f4d7000 JavaThread "jar transforms Thread 40" [_thread_blocked, id=27116, stack(0x0000000028040000,0x0000000028140000)]
  0x000000001f4d3800 JavaThread "jar transforms Thread 39" [_thread_blocked, id=7316, stack(0x0000000027f40000,0x0000000028040000)]
  0x000000001f4d4000 JavaThread "jar transforms Thread 38" [_thread_blocked, id=29840, stack(0x0000000027e40000,0x0000000027f40000)]
  0x000000001f4d6800 JavaThread "jar transforms Thread 37" [_thread_blocked, id=8496, stack(0x0000000027d40000,0x0000000027e40000)]
  0x000000001f4d2800 JavaThread "jar transforms Thread 36" [_thread_blocked, id=26396, stack(0x0000000027c40000,0x0000000027d40000)]
  0x000000001f4d0000 JavaThread "jar transforms Thread 35" [_thread_blocked, id=21544, stack(0x0000000027b40000,0x0000000027c40000)]
  0x000000001f4d1800 JavaThread "jar transforms Thread 34" [_thread_blocked, id=13012, stack(0x0000000027a40000,0x0000000027b40000)]
  0x000000001f4d5800 JavaThread "jar transforms Thread 33" [_thread_blocked, id=28068, stack(0x0000000027940000,0x0000000027a40000)]
  0x000000001f4d5000 JavaThread "jar transforms Thread 32" [_thread_blocked, id=27052, stack(0x0000000027840000,0x0000000027940000)]
  0x0000000023163000 JavaThread "jar transforms Thread 31" [_thread_blocked, id=11544, stack(0x0000000027740000,0x0000000027840000)]
  0x0000000023166800 JavaThread "jar transforms Thread 30" [_thread_blocked, id=19788, stack(0x0000000027640000,0x0000000027740000)]
  0x0000000023163800 JavaThread "jar transforms Thread 29" [_thread_blocked, id=27396, stack(0x0000000027540000,0x0000000027640000)]
  0x0000000023166000 JavaThread "jar transforms Thread 28" [_thread_blocked, id=25384, stack(0x0000000027440000,0x0000000027540000)]
  0x0000000023165000 JavaThread "jar transforms Thread 27" [_thread_blocked, id=15740, stack(0x0000000027340000,0x0000000027440000)]
  0x0000000023164800 JavaThread "jar transforms Thread 26" [_thread_blocked, id=21940, stack(0x0000000027240000,0x0000000027340000)]
  0x0000000023162000 JavaThread "jar transforms Thread 25" [_thread_blocked, id=12916, stack(0x0000000027140000,0x0000000027240000)]
  0x0000000023161800 JavaThread "jar transforms Thread 24" [_thread_blocked, id=25032, stack(0x0000000027040000,0x0000000027140000)]
  0x0000000023160800 JavaThread "jar transforms Thread 23" [_thread_blocked, id=26220, stack(0x0000000026f40000,0x0000000027040000)]
  0x0000000023167800 JavaThread "jar transforms Thread 22" [_thread_blocked, id=16240, stack(0x0000000026e40000,0x0000000026f40000)]
  0x0000000023159000 JavaThread "jar transforms Thread 21" [_thread_blocked, id=4588, stack(0x0000000026d40000,0x0000000026e40000)]
  0x0000000023160000 JavaThread "jar transforms Thread 20" [_thread_blocked, id=20936, stack(0x0000000026c40000,0x0000000026d40000)]
  0x0000000023158000 JavaThread "jar transforms Thread 19" [_thread_blocked, id=24368, stack(0x0000000026b40000,0x0000000026c40000)]
  0x000000002315e800 JavaThread "jar transforms Thread 18" [_thread_blocked, id=2948, stack(0x0000000026a40000,0x0000000026b40000)]
  0x000000002315d800 JavaThread "jar transforms Thread 17" [_thread_blocked, id=12788, stack(0x0000000026940000,0x0000000026a40000)]
  0x000000002315f000 JavaThread "jar transforms Thread 16" [_thread_blocked, id=7904, stack(0x0000000026840000,0x0000000026940000)]
  0x000000002315c000 JavaThread "jar transforms Thread 15" [_thread_blocked, id=16808, stack(0x0000000026740000,0x0000000026840000)]
  0x000000002315b000 JavaThread "jar transforms Thread 14" [_thread_blocked, id=27944, stack(0x0000000026640000,0x0000000026740000)]
  0x000000002315a800 JavaThread "jar transforms Thread 13" [_thread_blocked, id=28980, stack(0x0000000026540000,0x0000000026640000)]
  0x0000000023159800 JavaThread "jar transforms Thread 12" [_thread_blocked, id=6760, stack(0x0000000026440000,0x0000000026540000)]
  0x000000002315c800 JavaThread "jar transforms Thread 11" [_thread_blocked, id=24048, stack(0x0000000026340000,0x0000000026440000)]
  0x000000001c621800 JavaThread "jar transforms Thread 10" [_thread_blocked, id=19112, stack(0x0000000026240000,0x0000000026340000)]
  0x000000001c620800 JavaThread "jar transforms Thread 9" [_thread_blocked, id=5628, stack(0x0000000026140000,0x0000000026240000)]
  0x000000001c620000 JavaThread "jar transforms Thread 8" [_thread_blocked, id=1440, stack(0x0000000026040000,0x0000000026140000)]
  0x000000001c61f000 JavaThread "jar transforms Thread 7" [_thread_blocked, id=13796, stack(0x0000000025f40000,0x0000000026040000)]
  0x000000001c61e800 JavaThread "jar transforms Thread 6" [_thread_blocked, id=30016, stack(0x0000000025e40000,0x0000000025f40000)]
  0x000000001c617000 JavaThread "jar transforms Thread 5" [_thread_blocked, id=30328, stack(0x0000000024f90000,0x0000000025090000)]
  0x000000001c61d800 JavaThread "jar transforms Thread 4" [_thread_blocked, id=6548, stack(0x0000000025bc0000,0x0000000025cc0000)]
  0x000000001c61d000 JavaThread "jar transforms Thread 3" [_thread_blocked, id=25812, stack(0x0000000025ac0000,0x0000000025bc0000)]
  0x000000001c61c000 JavaThread "jar transforms Thread 2" [_thread_blocked, id=25444, stack(0x00000000259c0000,0x0000000025ac0000)]
  0x000000001c614800 JavaThread "Build operations Thread 8" [_thread_blocked, id=16684, stack(0x00000000256c0000,0x00000000257c0000)]
  0x000000001c618800 JavaThread "Build operations Thread 7" [_thread_blocked, id=17624, stack(0x00000000255c0000,0x00000000256c0000)]
  0x000000001c61b800 JavaThread "Build operations Thread 6" [_thread_blocked, id=9340, stack(0x00000000254c0000,0x00000000255c0000)]
  0x000000001c61a800 JavaThread "Build operations Thread 5" [_thread_blocked, id=24284, stack(0x00000000253c0000,0x00000000254c0000)]
  0x000000001c615800 JavaThread "Build operations Thread 4" [_thread_in_vm, id=23396, stack(0x00000000252c0000,0x00000000253c0000)]
  0x000000001c617800 JavaThread "Build operations Thread 3" [_thread_in_vm, id=24424, stack(0x00000000251c0000,0x00000000252c0000)]
  0x000000001c61a000 JavaThread "Build operations Thread 2" [_thread_in_Java, id=29480, stack(0x00000000250c0000,0x00000000251c0000)]
  0x000000001c616000 JavaThread "Build operations" [_thread_in_vm, id=27600, stack(0x0000000024640000,0x0000000024740000)]
  0x000000001cee6000 JavaThread "Cache worker for file content cache (C:\Users\legion\.gradle\caches\6.5\fileContent)" [_thread_blocked, id=28732, stack(0x0000000024540000,0x0000000024640000)]
  0x000000001ceea800 JavaThread "jar transforms" [_thread_blocked, id=29608, stack(0x0000000022e20000,0x0000000022f20000)]
  0x000000001ceea000 JavaThread "Cache worker for execution history cache (C:\Users\legion\.gradle\caches\6.5\executionHistory)" [_thread_blocked, id=28716, stack(0x0000000022d20000,0x0000000022e20000)]
  0x000000001cee9000 JavaThread "Cache worker for cache directory md-rule (C:\Users\legion\.gradle\caches\6.5\md-rule)" [_thread_blocked, id=27288, stack(0x0000000022c20000,0x0000000022d20000)]
  0x000000001cee8800 JavaThread "Cache worker for cache directory md-supplier (C:\Users\legion\.gradle\caches\6.5\md-supplier)" [_thread_blocked, id=25504, stack(0x0000000022b20000,0x0000000022c20000)]
  0x000000001ceec800 JavaThread "Cache worker for checksums cache (C:\Users\legion\AndroidStudioProjects\ieee2\.gradle\checksums)" [_thread_blocked, id=7304, stack(0x0000000021970000,0x0000000021a70000)]
  0x000000001cee7800 JavaThread "Cache worker for file hash cache (C:\Users\legion\AndroidStudioProjects\ieee2\.gradle\6.5\fileHashes)" [_thread_blocked, id=27732, stack(0x0000000021650000,0x0000000021750000)]
  0x000000001cee5800 JavaThread "Cache worker for file hash cache (C:\Users\legion\.gradle\caches\6.5\fileHashes)" [_thread_blocked, id=30308, stack(0x000000001f110000,0x000000001f210000)]
  0x000000001ceeb800 JavaThread "File lock request listener" [_thread_in_native, id=25064, stack(0x000000001f010000,0x000000001f110000)]
  0x000000001b0e4800 JavaThread "Cache worker for journal cache (C:\Users\legion\.gradle\caches\journal-1)" [_thread_blocked, id=29672, stack(0x000000001ef10000,0x000000001f010000)]
  0x000000001cda6800 JavaThread "Thread-9" [_thread_blocked, id=27152, stack(0x000000001ec10000,0x000000001ed10000)]
  0x000000001cdb7800 JavaThread "Stdin handler" [_thread_blocked, id=29332, stack(0x000000001eb10000,0x000000001ec10000)]
  0x000000001cd5a800 JavaThread "Asynchronous log dispatcher for DefaultDaemonConnection: socket connection from /127.0.0.1:64913 to /127.0.0.1:64914" [_thread_blocked, id=30516, stack(0x000000001ea10000,0x000000001eb10000)]
  0x000000001cd77000 JavaThread "Daemon worker" [_thread_blocked, id=17248, stack(0x000000001e910000,0x000000001ea10000)]
  0x000000001cd86000 JavaThread "Cancel handler" [_thread_blocked, id=28120, stack(0x000000001e710000,0x000000001e810000)]
  0x000000001cccf000 JavaThread "Handler for socket connection from /127.0.0.1:64913 to /127.0.0.1:64914" [_thread_in_native, id=8672, stack(0x000000001e610000,0x000000001e710000)]
  0x000000001ccc9800 JavaThread "Daemon" [_thread_blocked, id=20464, stack(0x000000001e510000,0x000000001e610000)]
  0x000000001cd57000 JavaThread "Daemon periodic checks" [_thread_blocked, id=22016, stack(0x000000001e210000,0x000000001e310000)]
  0x000000001cd10000 JavaThread "Incoming local TCP Connector on port 64913" [_thread_in_native, id=5544, stack(0x000000001dfd0000,0x000000001e0d0000)]
  0x000000001cc89800 JavaThread "Daemon health stats" [_thread_blocked, id=13296, stack(0x000000001d990000,0x000000001da90000)]
  0x000000001a1cd800 JavaThread "Service Thread" daemon [_thread_blocked, id=16016, stack(0x000000001adf0000,0x000000001aef0000)]
  0x000000001a144800 JavaThread "C1 CompilerThread3" daemon [_thread_blocked, id=26900, stack(0x000000001acf0000,0x000000001adf0000)]
  0x000000001a140800 JavaThread "C2 CompilerThread2" daemon [_thread_in_native, id=21280, stack(0x000000001abf0000,0x000000001acf0000)]
  0x000000001a139000 JavaThread "C2 CompilerThread1" daemon [_thread_in_native, id=28232, stack(0x000000001aaf0000,0x000000001abf0000)]
=>0x000000001a130800 JavaThread "C2 CompilerThread0" daemon [_thread_in_native, id=11252, stack(0x000000001a9f0000,0x000000001aaf0000)]
  0x000000001a12f800 JavaThread "Attach Listener" daemon [_thread_blocked, id=10716, stack(0x000000001a8f0000,0x000000001a9f0000)]
  0x000000001831e800 JavaThread "Signal Dispatcher" daemon [_thread_blocked, id=22564, stack(0x000000001a7f0000,0x000000001a8f0000)]
  0x000000001a120800 JavaThread "Finalizer" daemon [_thread_blocked, id=14080, stack(0x000000001a600000,0x000000001a700000)]
  0x0000000003299000 JavaThread "Reference Handler" daemon [_thread_blocked, id=26804, stack(0x000000001a500000,0x000000001a600000)]
  0x00000000031a2800 JavaThread "main" [_thread_blocked, id=29876, stack(0x00000000030a0000,0x00000000031a0000)]

Other Threads:
  0x0000000018306000 VMThread [stack: 0x000000001a000000,0x000000001a100000] [id=30692]
  0x000000001a1d6800 WatcherThread [stack: 0x000000001aef0000,0x000000001aff0000] [id=11740]

VM state:not at safepoint (normal execution)

VM Mutex/Monitor currently owned by a thread: None

OutOfMemory and StackOverflow Exception counts:
OutOfMemoryError java_heap_errors=2

heap address: 0x0000000080000000, size: 2048 MB, Compressed Oops mode: 32-bit
Narrow klass base: 0x0000000000000000, Narrow klass shift: 3
Compressed class space size: 1073741824 Address: 0x0000000100000000

Heap:
 PSYoungGen      total 235520K, used 52203K [0x00000000d5580000, 0x00000000e5900000, 0x0000000100000000)
  eden space 209408K, 12% used [0x00000000d5580000,0x00000000d6efae20,0x00000000e2200000)
  from space 26112K, 99% used [0x00000000e2200000,0x00000000e3b7ff08,0x00000000e3b80000)
  to   space 22016K, 0% used [0x00000000e3b80000,0x00000000e3b80000,0x00000000e5100000)
 ParOldGen       total 227328K, used 71744K [0x0000000080000000, 0x000000008de00000, 0x00000000d5580000)
  object space 227328K, 31% used [0x0000000080000000,0x00000000846101e8,0x000000008de00000)
 Metaspace       used 77346K, capacity 81961K, committed 82328K, reserved 1120256K
  class space    used 10852K, capacity 11832K, committed 11928K, reserved 1048576K

Card table byte_map: [0x0000000012660000,0x0000000012a70000] byte_map_base: 0x0000000012260000

Marking Bits: (ParMarkBitMap*) 0x000000005b44f030
 Begin Bits: [0x0000000013520000, 0x0000000015520000)
 End Bits:   [0x0000000015520000, 0x0000000017520000)

Polling page: 0x0000000001250000

CodeCache: size=245760Kb used=25428Kb max_used=25428Kb free=220331Kb
 bounds [0x00000000032a0000, 0x0000000004b90000, 0x00000000122a0000]
 total_blobs=8809 nmethods=7991 adapters=731
 compilation: enabled

Compilation events (10 events):
Event: 10.045 Thread 0x000000001a144800 9043       1       com.android.tools.r8.graph.P::l (2 bytes)
Event: 10.045 Thread 0x000000001a144800 nmethod 9043 0x0000000004b8b910 code [0x0000000004b8ba60, 0x0000000004b8bb70]
Event: 10.050 Thread 0x000000001a144800 9139       2       java.lang.invoke.MethodHandles::makeIdentity (23 bytes)
Event: 10.051 Thread 0x000000001a144800 nmethod 9139 0x0000000004b8bbd0 code [0x0000000004b8bd80, 0x0000000004b8c218]
Event: 10.053 Thread 0x000000001a144800 9141       1       com.android.tools.r8.graph.P0::asLazyCfCode (2 bytes)
Event: 10.054 Thread 0x000000001a144800 nmethod 9141 0x0000000004b8c650 code [0x0000000004b8c7a0, 0x0000000004b8c8b0]
Event: 10.054 Thread 0x000000001a144800 9142       2       java.util.IdentityHashMap::resize (153 bytes)
Event: 10.054 Thread 0x000000001a144800 nmethod 9142 0x0000000004b8c910 code [0x0000000004b8cac0, 0x0000000004b8d0f8]
Event: 10.054 Thread 0x000000001a144800 9143       2       com.android.tools.r8.p.n.l::<init> (10 bytes)
Event: 10.055 Thread 0x000000001a144800 nmethod 9143 0x0000000004b8d550 code [0x0000000004b8d6a0, 0x0000000004b8d810]

GC Heap History (10 events):
Event: 6.656 GC heap before
{Heap before GC invocations=12 (full 2):
 PSYoungGen      total 192512K, used 83462K [0x00000000d5580000, 0x00000000e2e00000, 0x0000000100000000)
  eden space 180736K, 39% used [0x00000000d5580000,0x00000000d9b84a38,0x00000000e0600000)
  from space 11776K, 99% used [0x00000000e0600000,0x00000000e117d120,0x00000000e1180000)
  to   space 16896K, 0% used [0x00000000e1d80000,0x00000000e1d80000,0x00000000e2e00000)
 ParOldGen       total 148992K, used 25432K [0x0000000080000000, 0x0000000089180000, 0x00000000d5580000)
  object space 148992K, 17% used [0x0000000080000000,0x00000000818d6320,0x0000000089180000)
 Metaspace       used 56818K, capacity 59035K, committed 59160K, reserved 1099776K
  class space    used 7666K, capacity 8117K, committed 8216K, reserved 1048576K
Event: 6.672 GC heap after
Heap after GC invocations=12 (full 2):
 PSYoungGen      total 201216K, used 16882K [0x00000000d5580000, 0x00000000e5900000, 0x0000000100000000)
  eden space 184320K, 0% used [0x00000000d5580000,0x00000000d5580000,0x00000000e0980000)
  from space 16896K, 99% used [0x00000000e1d80000,0x00000000e2dfcbd0,0x00000000e2e00000)
  to   space 20480K, 0% used [0x00000000e0980000,0x00000000e0980000,0x00000000e1d80000)
 ParOldGen       total 148992K, used 28858K [0x0000000080000000, 0x0000000089180000, 0x00000000d5580000)
  object space 148992K, 19% used [0x0000000080000000,0x0000000081c2ea70,0x0000000089180000)
 Metaspace       used 56818K, capacity 59035K, committed 59160K, reserved 1099776K
  class space    used 7666K, capacity 8117K, committed 8216K, reserved 1048576K
}
Event: 6.672 GC heap before
{Heap before GC invocations=13 (full 3):
 PSYoungGen      total 201216K, used 16882K [0x00000000d5580000, 0x00000000e5900000, 0x0000000100000000)
  eden space 184320K, 0% used [0x00000000d5580000,0x00000000d5580000,0x00000000e0980000)
  from space 16896K, 99% used [0x00000000e1d80000,0x00000000e2dfcbd0,0x00000000e2e00000)
  to   space 20480K, 0% used [0x00000000e0980000,0x00000000e0980000,0x00000000e1d80000)
 ParOldGen       total 148992K, used 28858K [0x0000000080000000, 0x0000000089180000, 0x00000000d5580000)
  object space 148992K, 19% used [0x0000000080000000,0x0000000081c2ea70,0x0000000089180000)
 Metaspace       used 56818K, capacity 59035K, committed 59160K, reserved 1099776K
  class space    used 7666K, capacity 8117K, committed 8216K, reserved 1048576K
Event: 6.936 GC heap after
Heap after GC invocations=13 (full 3):
 PSYoungGen      total 201216K, used 0K [0x00000000d5580000, 0x00000000e5900000, 0x0000000100000000)
  eden space 184320K, 0% used [0x00000000d5580000,0x00000000d5580000,0x00000000e0980000)
  from space 16896K, 0% used [0x00000000e1d80000,0x00000000e1d80000,0x00000000e2e00000)
  to   space 20480K, 0% used [0x00000000e0980000,0x00000000e0980000,0x00000000e1d80000)
 ParOldGen       total 227328K, used 32972K [0x0000000080000000, 0x000000008de00000, 0x00000000d5580000)
  object space 227328K, 14% used [0x0000000080000000,0x0000000082033180,0x000000008de00000)
 Metaspace       used 56800K, capacity 58975K, committed 59160K, reserved 1099776K
  class space    used 7660K, capacity 8107K, committed 8216K, reserved 1048576K
}
Event: 8.578 GC heap before
{Heap before GC invocations=14 (full 3):
 PSYoungGen      total 201216K, used 184320K [0x00000000d5580000, 0x00000000e5900000, 0x0000000100000000)
  eden space 184320K, 100% used [0x00000000d5580000,0x00000000e0980000,0x00000000e0980000)
  from space 16896K, 0% used [0x00000000e1d80000,0x00000000e1d80000,0x00000000e2e00000)
  to   space 20480K, 0% used [0x00000000e0980000,0x00000000e0980000,0x00000000e1d80000)
 ParOldGen       total 227328K, used 32972K [0x0000000080000000, 0x000000008de00000, 0x00000000d5580000)
  object space 227328K, 14% used [0x0000000080000000,0x0000000082033180,0x000000008de00000)
 Metaspace       used 66358K, capacity 69577K, committed 69656K, reserved 1110016K
  class space    used 9145K, capacity 9722K, committed 9752K, reserved 1048576K
Event: 8.590 GC heap after
Heap after GC invocations=14 (full 3):
 PSYoungGen      total 204800K, used 17448K [0x00000000d5580000, 0x00000000e5100000, 0x0000000100000000)
  eden space 184320K, 0% used [0x00000000d5580000,0x00000000d5580000,0x00000000e0980000)
  from space 20480K, 85% used [0x00000000e0980000,0x00000000e1a8a220,0x00000000e1d80000)
  to   space 22016K, 0% used [0x00000000e3b80000,0x00000000e3b80000,0x00000000e5100000)
 ParOldGen       total 227328K, used 32980K [0x0000000080000000, 0x000000008de00000, 0x00000000d5580000)
  object space 227328K, 14% used [0x0000000080000000,0x0000000082035180,0x000000008de00000)
 Metaspace       used 66358K, capacity 69577K, committed 69656K, reserved 1110016K
  class space    used 9145K, capacity 9722K, committed 9752K, reserved 1048576K
}
Event: 9.536 GC heap before
{Heap before GC invocations=15 (full 3):
 PSYoungGen      total 204800K, used 201768K [0x00000000d5580000, 0x00000000e5100000, 0x0000000100000000)
  eden space 184320K, 100% used [0x00000000d5580000,0x00000000e0980000,0x00000000e0980000)
  from space 20480K, 85% used [0x00000000e0980000,0x00000000e1a8a220,0x00000000e1d80000)
  to   space 22016K, 0% used [0x00000000e3b80000,0x00000000e3b80000,0x00000000e5100000)
 ParOldGen       total 227328K, used 32980K [0x0000000080000000, 0x000000008de00000, 0x00000000d5580000)
  object space 227328K, 14% used [0x0000000080000000,0x0000000082035180,0x000000008de00000)
 Metaspace       used 71195K, capacity 74613K, committed 74648K, reserved 1114112K
  class space    used 9753K, capacity 10366K, committed 10392K, reserved 1048576K
Event: 9.551 GC heap after
Heap after GC invocations=15 (full 3):
 PSYoungGen      total 231424K, used 22010K [0x00000000d5580000, 0x00000000e5900000, 0x0000000100000000)
  eden space 209408K, 0% used [0x00000000d5580000,0x00000000d5580000,0x00000000e2200000)
  from space 22016K, 99% used [0x00000000e3b80000,0x00000000e50fe968,0x00000000e5100000)
  to   space 26112K, 0% used [0x00000000e2200000,0x00000000e2200000,0x00000000e3b80000)
 ParOldGen       total 227328K, used 36868K [0x0000000080000000, 0x000000008de00000, 0x00000000d5580000)
  object space 227328K, 16% used [0x0000000080000000,0x0000000082401110,0x000000008de00000)
 Metaspace       used 71195K, capacity 74613K, committed 74648K, reserved 1114112K
  class space    used 9753K, capacity 10366K, committed 10392K, reserved 1048576K
}
Event: 9.952 GC heap before
{Heap before GC invocations=16 (full 3):
 PSYoungGen      total 231424K, used 231418K [0x00000000d5580000, 0x00000000e5900000, 0x0000000100000000)
  eden space 209408K, 100% used [0x00000000d5580000,0x00000000e2200000,0x00000000e2200000)
  from space 22016K, 99% used [0x00000000e3b80000,0x00000000e50fe968,0x00000000e5100000)
  to   space 26112K, 0% used [0x00000000e2200000,0x00000000e2200000,0x00000000e3b80000)
 ParOldGen       total 227328K, used 36868K [0x0000000080000000, 0x000000008de00000, 0x00000000d5580000)
  object space 227328K, 16% used [0x0000000080000000,0x0000000082401110,0x000000008de00000)
 Metaspace       used 75607K, capacity 79749K, committed 79768K, reserved 1118208K
  class space    used 10411K, capacity 11142K, committed 11160K, reserved 1048576K
Event: 9.987 GC heap after
Heap after GC invocations=16 (full 3):
 PSYoungGen      total 235520K, used 26111K [0x00000000d5580000, 0x00000000e5900000, 0x0000000100000000)
  eden space 209408K, 0% used [0x00000000d5580000,0x00000000d5580000,0x00000000e2200000)
  from space 26112K, 99% used [0x00000000e2200000,0x00000000e3b7ff08,0x00000000e3b80000)
  to   space 22016K, 0% used [0x00000000e3b80000,0x00000000e3b80000,0x00000000e5100000)
 ParOldGen       total 227328K, used 71744K [0x0000000080000000, 0x000000008de00000, 0x00000000d5580000)
  object space 227328K, 31% used [0x0000000080000000,0x00000000846101e8,0x000000008de00000)
 Metaspace       used 75607K, capacity 79749K, committed 79768K, reserved 1118208K
  class space    used 10411K, capacity 11142K, committed 11160K, reserved 1048576K
}

Deoptimization events (10 events):
Event: 9.728 Thread 0x000000001c615800 Uncommon trap: reason=unstable_if action=reinterpret pc=0x00000000038e3f28 method=java.util.WeakHashMap.remove(Ljava/lang/Object;)Ljava/lang/Object; @ 94
Event: 9.736 Thread 0x000000001c618800 Uncommon trap: reason=unstable_if action=reinterpret pc=0x00000000049c04c8 method=com.android.tools.r8.graph.i0.a(C)I @ 1
Event: 9.736 Thread 0x000000001c618800 Uncommon trap: reason=unstable_if action=reinterpret pc=0x00000000049abce8 method=com.android.tools.r8.graph.i0.a(C[BI)I @ 1
Event: 10.032 Thread 0x000000001c614800 Uncommon trap: reason=unstable_if action=reinterpret pc=0x00000000049b29c0 method=com.android.tools.r8.utils.Y.d(I)Z @ 45
Event: 10.032 Thread 0x000000001c61a800 Uncommon trap: reason=unstable_if action=reinterpret pc=0x00000000049b29c0 method=com.android.tools.r8.utils.Y.d(I)Z @ 45
Event: 10.032 Thread 0x000000001c61a000 Uncommon trap: reason=unstable_if action=reinterpret pc=0x00000000049b29c0 method=com.android.tools.r8.utils.Y.d(I)Z @ 45
Event: 10.037 Thread 0x000000001c61b800 Uncommon trap: reason=class_check action=maybe_recompile pc=0x0000000004b242f0 method=com.android.tools.r8.q.a.a.b.A.a(I)Ljava/lang/Object; @ 9
Event: 10.037 Thread 0x000000001c615800 Uncommon trap: reason=class_check action=maybe_recompile pc=0x0000000004b242f0 method=com.android.tools.r8.q.a.a.b.A.a(I)Ljava/lang/Object; @ 9
Event: 10.037 Thread 0x000000001c616000 Uncommon trap: reason=class_check action=maybe_recompile pc=0x0000000004b242f0 method=com.android.tools.r8.q.a.a.b.A.a(I)Ljava/lang/Object; @ 9
Event: 10.037 Thread 0x000000001c61a800 Uncommon trap: reason=class_check action=maybe_recompile pc=0x0000000004b242f0 method=com.android.tools.r8.q.a.a.b.A.a(I)Ljava/lang/Object; @ 9

Classes redefined (0 events):
No events

Internal exceptions (10 events):
Event: 9.612 Thread 0x000000001c618800 Exception <a 'sun/nio/fs/WindowsException'> (0x00000000d7fd4340) thrown at [C:\src\AOSP-openjdk-git\hotspot\src\share\vm\prims\jni.cpp, line 710]
Event: 9.621 Thread 0x000000001c614800 Exception <a 'sun/nio/fs/WindowsException'> (0x00000000d88fc118) thrown at [C:\src\AOSP-openjdk-git\hotspot\src\share\vm\prims\jni.cpp, line 710]
Event: 9.633 Thread 0x000000001c61a000 Exception <a 'sun/nio/fs/WindowsException'> (0x00000000d9266be0) thrown at [C:\src\AOSP-openjdk-git\hotspot\src\share\vm\prims\jni.cpp, line 710]
Event: 9.647 Thread 0x000000001c615800 Exception <a 'sun/nio/fs/WindowsException'> (0x00000000d993cb98) thrown at [C:\src\AOSP-openjdk-git\hotspot\src\share\vm\prims\jni.cpp, line 710]
Event: 9.680 Thread 0x000000001c61a800 Exception <a 'sun/nio/fs/WindowsException'> (0x00000000da4f2c60) thrown at [C:\src\AOSP-openjdk-git\hotspot\src\share\vm\prims\jni.cpp, line 710]
Event: 9.704 Thread 0x000000001c617800 Exception <a 'java/lang/OutOfMemoryError'> (0x00000000db353808) thrown at [C:\src\AOSP-openjdk-git\hotspot\src\share\vm\prims\jni.cpp, line 737]
Event: 9.704 Thread 0x000000001c61b800 Exception <a 'java/lang/OutOfMemoryError'> (0x00000000db3d58d0) thrown at [C:\src\AOSP-openjdk-git\hotspot\src\share\vm\prims\jni.cpp, line 737]
Event: 9.783 Thread 0x000000001c616000 Exception <a 'java/lang/IncompatibleClassChangeError': Found class java.lang.Object, but interface was expected> (0x00000000dd115e60) thrown at [C:\src\AOSP-openjdk-git\hotspot\src\share\vm\interpreter\linkResolver.cpp, line 653]
Event: 9.784 Thread 0x000000001c617800 Exception <a 'sun/nio/fs/WindowsException'> (0x00000000dd40dd00) thrown at [C:\src\AOSP-openjdk-git\hotspot\src\share\vm\prims\jni.cpp, line 710]
Event: 9.788 Thread 0x000000001c61b800 Exception <a 'sun/nio/fs/WindowsException'> (0x00000000dd62e408) thrown at [C:\src\AOSP-openjdk-git\hotspot\src\share\vm\prims\jni.cpp, line 710]

Events (10 events):
Event: 10.083 loading class com/android/tools/r8/t/a/a/a/f/K$e
Event: 10.083 loading class com/android/tools/r8/t/a/a/a/f/K$e done
Event: 10.083 loading class com/android/tools/r8/t/a/a/a/f/K$f
Event: 10.083 loading class com/android/tools/r8/t/a/a/a/f/K$f done
Event: 10.083 loading class com/android/tools/r8/s/b/b0
Event: 10.083 loading class com/android/tools/r8/s/b/b0 done
Event: 10.084 loading class com/android/tools/r8/ir/conversion/N$b
Event: 10.084 loading class com/android/tools/r8/ir/conversion/N$b done
Event: 10.084 loading class com/android/tools/r8/s/b/o
Event: 10.084 loading class com/android/tools/r8/s/b/o done


Dynamic libraries:
0x00007ff627a20000 - 0x00007ff627a51000 	D:\Program Files\Android\Android Studio\jre\bin\java.exe
0x00007ff8ce580000 - 0x00007ff8ce770000 	C:\WINDOWS\SYSTEM32\ntdll.dll
0x00007ff8cd570000 - 0x00007ff8cd622000 	C:\WINDOWS\System32\KERNEL32.DLL
0x00007ff8cb660000 - 0x00007ff8cb905000 	C:\WINDOWS\System32\KERNELBASE.dll
0x00007ff8cdfd0000 - 0x00007ff8ce073000 	C:\WINDOWS\System32\ADVAPI32.dll
0x00007ff8cdd60000 - 0x00007ff8cddfe000 	C:\WINDOWS\System32\msvcrt.dll
0x00007ff8cd630000 - 0x00007ff8cd6c7000 	C:\WINDOWS\System32\sechost.dll
0x00007ff8ce2c0000 - 0x00007ff8ce3df000 	C:\WINDOWS\System32\RPCRT4.dll
0x00007ff8cde00000 - 0x00007ff8cdf94000 	C:\WINDOWS\System32\USER32.dll
0x00007ff8cc330000 - 0x00007ff8cc351000 	C:\WINDOWS\System32\win32u.dll
0x00007ff8cdfa0000 - 0x00007ff8cdfc6000 	C:\WINDOWS\System32\GDI32.dll
0x00007ff8cc460000 - 0x00007ff8cc5f8000 	C:\WINDOWS\System32\gdi32full.dll
0x00007ff8cb5a0000 - 0x00007ff8cb63e000 	C:\WINDOWS\System32\msvcp_win.dll
0x00007ff8cc360000 - 0x00007ff8cc45a000 	C:\WINDOWS\System32\ucrtbase.dll
0x00007ff8b5550000 - 0x00007ff8b57d4000 	C:\WINDOWS\WinSxS\amd64_microsoft.windows.common-controls_6595b64144ccf1df_6.0.18362.1440_none_9e7dbfb9e45e8e67\COMCTL32.dll
0x00007ff8cd060000 - 0x00007ff8cd396000 	C:\WINDOWS\System32\combase.dll
0x00007ff8cc2a0000 - 0x00007ff8cc321000 	C:\WINDOWS\System32\bcryptPrimitives.dll
0x00007ff8cd530000 - 0x00007ff8cd55e000 	C:\WINDOWS\System32\IMM32.DLL
0x000000005d0b0000 - 0x000000005d182000 	D:\Program Files\Android\Android Studio\jre\jre\bin\msvcr100.dll
0x000000005ac80000 - 0x000000005b4cb000 	D:\Program Files\Android\Android Studio\jre\jre\bin\server\jvm.dll
0x00007ff8cd450000 - 0x00007ff8cd458000 	C:\WINDOWS\System32\PSAPI.DLL
0x00007ff8c7400000 - 0x00007ff8c7409000 	C:\WINDOWS\SYSTEM32\WSOCK32.dll
0x00007ff8c8fa0000 - 0x00007ff8c8fc4000 	C:\WINDOWS\SYSTEM32\WINMM.dll
0x00007ff8ce3e0000 - 0x00007ff8ce44f000 	C:\WINDOWS\System32\WS2_32.dll
0x00007ff8c6920000 - 0x00007ff8c692a000 	C:\WINDOWS\SYSTEM32\VERSION.dll
0x00007ff8c8e70000 - 0x00007ff8c8e9d000 	C:\WINDOWS\SYSTEM32\winmmbase.dll
0x00007ff8cb550000 - 0x00007ff8cb59a000 	C:\WINDOWS\System32\cfgmgr32.dll
0x00007ff8c7390000 - 0x00007ff8c739f000 	D:\Program Files\Android\Android Studio\jre\jre\bin\verify.dll
0x00007ff8b1a10000 - 0x00007ff8b1a39000 	D:\Program Files\Android\Android Studio\jre\jre\bin\java.dll
0x00007ff8c23a0000 - 0x00007ff8c23b6000 	D:\Program Files\Android\Android Studio\jre\jre\bin\zip.dll
0x00007ff8cc630000 - 0x00007ff8ccd18000 	C:\WINDOWS\System32\SHELL32.dll
0x00007ff8cd3a0000 - 0x00007ff8cd447000 	C:\WINDOWS\System32\shcore.dll
0x00007ff8cbb20000 - 0x00007ff8cc29b000 	C:\WINDOWS\System32\windows.storage.dll
0x00007ff8cb4d0000 - 0x00007ff8cb4ee000 	C:\WINDOWS\System32\profapi.dll
0x00007ff8cb480000 - 0x00007ff8cb4ca000 	C:\WINDOWS\System32\powrprof.dll
0x00007ff8cb430000 - 0x00007ff8cb440000 	C:\WINDOWS\System32\UMPDC.dll
0x00007ff8ce460000 - 0x00007ff8ce4b2000 	C:\WINDOWS\System32\shlwapi.dll
0x00007ff8cb460000 - 0x00007ff8cb471000 	C:\WINDOWS\System32\kernel.appcore.dll
0x00007ff8cb640000 - 0x00007ff8cb657000 	C:\WINDOWS\System32\cryptsp.dll
0x00007ff8b98f0000 - 0x00007ff8b990a000 	D:\Program Files\Android\Android Studio\jre\jre\bin\net.dll
0x00007ff8cac70000 - 0x00007ff8cacd7000 	C:\WINDOWS\system32\mswsock.dll
0x00007ff8b8c10000 - 0x00007ff8b8c23000 	D:\Program Files\Android\Android Studio\jre\jre\bin\nio.dll
0x00007ff8ba930000 - 0x00007ff8ba957000 	C:\Users\legion\.gradle\native\f6784746aeab05261644944871eae4fe03e0ef1612fff0a4a95f87b438bc6780\windows-amd64\native-platform.dll
0x00007ff8c6980000 - 0x00007ff8c698d000 	D:\Program Files\Android\Android Studio\jre\jre\bin\management.dll
0x00007ff8ca790000 - 0x00007ff8ca7c3000 	C:\WINDOWS\system32\rsaenh.dll
0x00007ff8cc600000 - 0x00007ff8cc626000 	C:\WINDOWS\System32\bcrypt.dll
0x00007ff8cb350000 - 0x00007ff8cb375000 	C:\WINDOWS\SYSTEM32\USERENV.dll
0x00007ff8cae40000 - 0x00007ff8cae4c000 	C:\WINDOWS\SYSTEM32\CRYPTBASE.dll
0x00007ff8ca980000 - 0x00007ff8ca9ba000 	C:\WINDOWS\SYSTEM32\IPHLPAPI.DLL
0x00007ff8ce450000 - 0x00007ff8ce458000 	C:\WINDOWS\System32\NSI.dll
0x00007ff8c35f0000 - 0x00007ff8c3606000 	C:\WINDOWS\SYSTEM32\dhcpcsvc6.DLL
0x00007ff8c35d0000 - 0x00007ff8c35ec000 	C:\WINDOWS\SYSTEM32\dhcpcsvc.DLL
0x00007ff8ca9c0000 - 0x00007ff8caa8b000 	C:\WINDOWS\SYSTEM32\DNSAPI.dll
0x00007ff8c37b0000 - 0x00007ff8c37bb000 	C:\WINDOWS\SYSTEM32\WINNSI.DLL

VM Arguments:
jvm_args: -Xmx2048m -Dfile.encoding=UTF-8 -Duser.country=TR -Duser.language=tr -Duser.variant 
java_command: org.gradle.launcher.daemon.bootstrap.GradleDaemon 6.5
java_class_path (initial): C:\Users\legion\.gradle\wrapper\dists\gradle-6.5-bin\6nifqtx7604sqp1q6g8wikw7p\gradle-6.5\lib\gradle-launcher-6.5.jar
Launcher Type: SUN_STANDARD

Environment Variables:
PATH=C:\Program Files (x86)\Common Files\Oracle\Java\javapath;C:\Program Files (x86)\Intel\Intel(R) Management Engine Components\iCLS\;C:\Program Files\Intel\Intel(R) Management Engine Components\iCLS\;C:\Windows\system32;C:\Windows;C:\Windows\System32\Wbem;C:\Windows\System32\WindowsPowerShell\v1.0\;C:\Program Files (x86)\Intel\Intel(R) Management Engine Components\DAL;C:\Program Files\Intel\Intel(R) Management Engine Components\DAL;C:\Program Files (x86)\Intel\Intel(R) Management Engine Components\IPT;C:\Program Files\Intel\Intel(R) Management Engine Components\IPT;C:\Program Files\NVIDIA Corporation\NVIDIA NvDLISR;C:\WINDOWS\system32;C:\WINDOWS;C:\WINDOWS\System32\Wbem;C:\WINDOWS\System32\WindowsPowerShell\v1.0\;C:\WINDOWS\System32\OpenSSH\;C:\Program Files (x86)\NVIDIA Corporation\PhysX\Common;D:\Program Files\Microsoft SQL Server\130\Tools\Binn\;D:\Program Files\Microsoft SQL Server\Client SDK\ODBC\170\Tools\Binn\;D:\Program Files\Git\cmd;C:\Program Files (x86)\Microsoft SQL Server\150\Tools\Binn\;D:\Program Files\Microsoft SQL Server\150\Tools\Binn\;D:\Program Files\Microsoft SQL Server\150\DTS\Binn\;C:\Program Files (x86)\Microsoft SQL Server\150\DTS\Binn\;D:\Program Files\dotnet\;C:\Program Files (x86)\dotnet\;D:\Program Files\nodejs\;C:\Users\legion\AppData\Local\Microsoft\WindowsApps;C:\Users\legion\AppData\Local\GitHubDesktop\bin;C:\Program Files\apache-maven-3.6.3\bin;D:\Program Files\Java\jdk1.8.0_231\bin;D:\Program Files\Java\jre1.8.0_231\bin;C:\Users\legion\AppData\Roaming\npm;D:\Program Files\Microsoft VS Code\Microsoft VS Code\bin;C:\Users\legion\.dotnet\tools
USERNAME=legion
OS=Windows_NT
PROCESSOR_IDENTIFIER=Intel64 Family 6 Model 158 Stepping 10, GenuineIntel



---------------  S Y S T E M  ---------------

OS: Windows 10.0 , 64 bit Build 18362 (10.0.18362.1350)

CPU:total 8 (initial active 8) (4 cores per cpu, 2 threads per core) family 6 model 158 stepping 10, cmov, cx8, fxsr, mmx, sse, sse2, sse3, ssse3, sse4.1, sse4.2, popcnt, avx, avx2, aes, clmul, erms, 3dnowpref, lzcnt, ht, tsc, tscinvbit, bmi1, bmi2, adx

Memory: 4k page, physical 16648500k(2155372k free), swap 30279988k(5124k free)

vm_info: OpenJDK 64-Bit Server VM (25.242-b01) for windows-amd64 JRE (1.8.0_242-release-1644-b01), built by "builder" with MS VC++ 10.0 (VS2010)

time: Mon May 03 03:27:59 2021
timezone: Türkiye Standart Saati
elapsed time: 10 seconds (0d 0h 0m 10s)

